<?xml version="1.0" encoding="UTF-8"?>
<!-- Generated by org.testng.reporters.JUnitReportReporter -->
<testsuite hostname="DESKTOP-5BRAD5R" failures="0" tests="2" name="test.registrationTestcases" time="0.098" errors="0" timestamp="2019-11-14T12:57:00 IST" skipped="0">
  <testcase classname="test.registrationTestcases" name="verifyTitle" time="0.074"/>
  <testcase classname="test.registrationTestcases" name="verifyTitle" time="0.024"/>
</testsuite> <!-- test.registrationTestcases -->
